2024-12-10 11:44:22 [http-nio-8080-exec-4] ERROR c.g.m.a.usecases.user.StoreUser - -----------------------------------------------
Module: users
Context: Error al registrar usuario.
-----------------------------------------------
Exception Details:
ID:users-MSI-20241210114422-2ca1d2ed-2
Type: java.lang.NullPointerException
Message: Cannot invoke "com.gategroup.mantix_api.domain.models.User.getId()" because "user" is null
StackTrace: 
	com.gategroup.mantix_api.presentation.mappers.UserMapper.toDto(UserMapper.java:13)
	com.gategroup.mantix_api.application.usecases.user.StoreUser.execute(StoreUser.java:32)
	com.gategroup.mantix_api.infrastructure.controllers.UserController.store(UserController.java:45)
	java.base/jdk.internal.reflect.DirectMethodHandleAccessor.invoke(DirectMethodHandleAccessor.java:103)
	java.base/java.lang.reflect.Method.invoke(Method.java:580)
	org.springframework.web.method.support.InvocableHandlerMethod.doInvoke(InvocableHandlerMethod.java:255)
	org.springframework.web.method.support.InvocableHandlerMethod.invokeForRequest(InvocableHandlerMethod.java:188)
	org.springframework.web.servlet.mvc.method.annotation.ServletInvocableHandlerMethod.invokeAndHandle(ServletInvocableHandlerMethod.java:118)
	org.springframework.web.servlet.mvc.method.annotation.RequestMappingHandlerAdapter.invokeHandlerMethod(RequestMappingHandlerAdapter.java:986)
	org.springframework.web.servlet.mvc.method.annotation.RequestMappingHandlerAdapter.handleInternal(RequestMappingHandlerAdapter.java:891)
	org.springframework.web.servlet.mvc.method.AbstractHandlerMethodAdapter.handle(AbstractHandlerMethodAdapter.java:87)
	org.springframework.web.servlet.DispatcherServlet.doDispatch(DispatcherServlet.java:1088)
	org.springframework.web.servlet.DispatcherServlet.doService(DispatcherServlet.java:978)
	org.springframework.web.servlet.FrameworkServlet.processRequest(FrameworkServlet.java:1014)
	org.springframework.web.servlet.FrameworkServlet.doPost(FrameworkServlet.java:914)
	jakarta.servlet.http.HttpServlet.service(HttpServlet.java:590)
	org.springframework.web.servlet.FrameworkServlet.service(FrameworkServlet.java:885)
	jakarta.servlet.http.HttpServlet.service(HttpServlet.java:658)
	org.apache.catalina.core.ApplicationFilterChain.internalDoFilter(ApplicationFilterChain.java:195)
	org.apache.catalina.core.ApplicationFilterChain.doFilter(ApplicationFilterChain.java:140)
	org.apache.tomcat.websocket.server.WsFilter.doFilter(WsFilter.java:51)
	org.apache.catalina.core.ApplicationFilterChain.internalDoFilter(ApplicationFilterChain.java:164)
	org.apache.catalina.core.ApplicationFilterChain.doFilter(ApplicationFilterChain.java:140)
	org.springframework.web.filter.CompositeFilter$VirtualFilterChain.doFilter(CompositeFilter.java:108)
	org.springframework.security.web.FilterChainProxy.lambda$doFilterInternal$3(FilterChainProxy.java:231)
	org.springframework.security.web.FilterChainProxy$VirtualFilterChain.doFilter(FilterChainProxy.java:365)
	org.springframework.security.web.access.intercept.AuthorizationFilter.doFilter(AuthorizationFilter.java:101)
	org.springframework.security.web.FilterChainProxy$VirtualFilterChain.doFilter(FilterChainProxy.java:374)
	org.springframework.security.web.access.ExceptionTranslationFilter.doFilter(ExceptionTranslationFilter.java:126)
	org.springframework.security.web.access.ExceptionTranslationFilter.doFilter(ExceptionTranslationFilter.java:120)
	org.springframework.security.web.FilterChainProxy$VirtualFilterChain.doFilter(FilterChainProxy.java:374)
	org.springframework.security.web.authentication.AnonymousAuthenticationFilter.doFilter(AnonymousAuthenticationFilter.java:100)
	org.springframework.security.web.FilterChainProxy$VirtualFilterChain.doFilter(FilterChainProxy.java:374)
	org.springframework.security.web.servletapi.SecurityContextHolderAwareRequestFilter.doFilter(SecurityContextHolderAwareRequestFilter.java:179)
	org.springframework.security.web.FilterChainProxy$VirtualFilterChain.doFilter(FilterChainProxy.java:374)
	org.springframework.security.web.savedrequest.RequestCacheAwareFilter.doFilter(RequestCacheAwareFilter.java:63)
	org.springframework.security.web.FilterChainProxy$VirtualFilterChain.doFilter(FilterChainProxy.java:374)
	org.springframework.security.web.authentication.logout.LogoutFilter.doFilter(LogoutFilter.java:107)
	org.springframework.security.web.authentication.logout.LogoutFilter.doFilter(LogoutFilter.java:93)
	org.springframework.security.web.FilterChainProxy$VirtualFilterChain.doFilter(FilterChainProxy.java:374)
	org.springframework.security.web.header.HeaderWriterFilter.doHeadersAfter(HeaderWriterFilter.java:90)
	org.springframework.security.web.header.HeaderWriterFilter.doFilterInternal(HeaderWriterFilter.java:75)
	org.springframework.web.filter.OncePerRequestFilter.doFilter(OncePerRequestFilter.java:116)
	org.springframework.security.web.FilterChainProxy$VirtualFilterChain.doFilter(FilterChainProxy.java:374)
	org.springframework.security.web.context.SecurityContextHolderFilter.doFilter(SecurityContextHolderFilter.java:82)
	org.springframework.security.web.context.SecurityContextHolderFilter.doFilter(SecurityContextHolderFilter.java:69)
	org.springframework.security.web.FilterChainProxy$VirtualFilterChain.doFilter(FilterChainProxy.java:374)
	org.springframework.security.web.context.request.async.WebAsyncManagerIntegrationFilter.doFilterInternal(WebAsyncManagerIntegrationFilter.java:62)
	org.springframework.web.filter.OncePerRequestFilter.doFilter(OncePerRequestFilter.java:116)
	org.springframework.security.web.FilterChainProxy$VirtualFilterChain.doFilter(FilterChainProxy.java:374)
	org.springframework.security.web.session.DisableEncodeUrlFilter.doFilterInternal(DisableEncodeUrlFilter.java:42)
	org.springframework.web.filter.OncePerRequestFilter.doFilter(OncePerRequestFilter.java:116)
	org.springframework.security.web.FilterChainProxy$VirtualFilterChain.doFilter(FilterChainProxy.java:374)
	org.springframework.security.web.FilterChainProxy.doFilterInternal(FilterChainProxy.java:233)
	org.springframework.security.web.FilterChainProxy.doFilter(FilterChainProxy.java:191)
	org.springframework.web.filter.CompositeFilter$VirtualFilterChain.doFilter(CompositeFilter.java:113)
	org.springframework.web.servlet.handler.HandlerMappingIntrospector.lambda$createCacheFilter$3(HandlerMappingIntrospector.java:243)
	org.springframework.web.filter.CompositeFilter$VirtualFilterChain.doFilter(CompositeFilter.java:113)
	org.springframework.web.filter.CompositeFilter.doFilter(CompositeFilter.java:74)
	org.springframework.security.config.annotation.web.configuration.WebMvcSecurityConfiguration$CompositeFilterChainProxy.doFilter(WebMvcSecurityConfiguration.java:238)
	org.springframework.web.filter.DelegatingFilterProxy.invokeDelegate(DelegatingFilterProxy.java:362)
	org.springframework.web.filter.DelegatingFilterProxy.doFilter(DelegatingFilterProxy.java:278)
	org.apache.catalina.core.ApplicationFilterChain.internalDoFilter(ApplicationFilterChain.java:164)
	org.apache.catalina.core.ApplicationFilterChain.doFilter(ApplicationFilterChain.java:140)
	org.springframework.web.filter.RequestContextFilter.doFilterInternal(RequestContextFilter.java:100)
	org.springframework.web.filter.OncePerRequestFilter.doFilter(OncePerRequestFilter.java:116)
	org.apache.catalina.core.ApplicationFilterChain.internalDoFilter(ApplicationFilterChain.java:164)
	org.apache.catalina.core.ApplicationFilterChain.doFilter(ApplicationFilterChain.java:140)
	org.springframework.web.filter.FormContentFilter.doFilterInternal(FormContentFilter.java:93)
	org.springframework.web.filter.OncePerRequestFilter.doFilter(OncePerRequestFilter.java:116)
	org.apache.catalina.core.ApplicationFilterChain.internalDoFilter(ApplicationFilterChain.java:164)
	org.apache.catalina.core.ApplicationFilterChain.doFilter(ApplicationFilterChain.java:140)
	org.springframework.web.filter.CharacterEncodingFilter.doFilterInternal(CharacterEncodingFilter.java:201)
	org.springframework.web.filter.OncePerRequestFilter.doFilter(OncePerRequestFilter.java:116)
	org.apache.catalina.core.ApplicationFilterChain.internalDoFilter(ApplicationFilterChain.java:164)
	org.apache.catalina.core.ApplicationFilterChain.doFilter(ApplicationFilterChain.java:140)
	org.apache.catalina.core.StandardWrapperValve.invoke(StandardWrapperValve.java:167)
	org.apache.catalina.core.StandardContextValve.invoke(StandardContextValve.java:90)
	org.apache.catalina.authenticator.AuthenticatorBase.invoke(AuthenticatorBase.java:483)
	org.apache.catalina.core.StandardHostValve.invoke(StandardHostValve.java:115)
	org.apache.catalina.valves.ErrorReportValve.invoke(ErrorReportValve.java:93)
	org.apache.catalina.core.StandardEngineValve.invoke(StandardEngineValve.java:74)
	org.apache.catalina.connector.CoyoteAdapter.service(CoyoteAdapter.java:344)
	org.apache.coyote.http11.Http11Processor.service(Http11Processor.java:397)
	org.apache.coyote.AbstractProcessorLight.process(AbstractProcessorLight.java:63)
	org.apache.coyote.AbstractProtocol$ConnectionHandler.process(AbstractProtocol.java:905)
	org.apache.tomcat.util.net.NioEndpoint$SocketProcessor.doRun(NioEndpoint.java:1741)
	org.apache.tomcat.util.net.SocketProcessorBase.run(SocketProcessorBase.java:52)
	org.apache.tomcat.util.threads.ThreadPoolExecutor.runWorker(ThreadPoolExecutor.java:1190)
	org.apache.tomcat.util.threads.ThreadPoolExecutor$Worker.run(ThreadPoolExecutor.java:659)
	org.apache.tomcat.util.threads.TaskThread$WrappingRunnable.run(TaskThread.java:63)
	java.base/java.lang.Thread.run(Thread.java:1583)-----------------------------------------------

